<?xml version="1.0" encoding="UTF-8"?>
<testsuite name="Lista de colores" tests="2" skipped="0" failures="0" errors="0" timestamp="2022-03-25T05:34:49" hostname="DESKTOP-2BU34TH" time="5.057">
  <properties/>
  <testcase name="Consulta exitosa de lista de colores" classname="Lista de colores" time="4.465"/>
  <testcase name="Se le agrega un para metro adicional a la url" classname="Lista de colores" time="0.592"/>
  <system-out><![CDATA[]]></system-out>
  <system-err><![CDATA[]]></system-err>
</testsuite>
