<?xml version="1.0" encoding="UTF-8"?>
<testsuite name="runner.TestInitial" tests="1" skipped="0" failures="0" errors="0" timestamp="2022-03-23T19:37:07" hostname="DESKTOP-2BU34TH" time="3.998">
  <properties/>
  <testcase name="Getposts" classname="runner.TestInitial" time="3.998"/>
  <system-out><![CDATA[]]></system-out>
  <system-err><![CDATA[SLF4J: Failed to load class "org.slf4j.impl.StaticLoggerBinder".
SLF4J: Defaulting to no-operation (NOP) logger implementation
SLF4J: See http://www.slf4j.org/codes.html#StaticLoggerBinder for further details.
log4j:WARN No appenders could be found for logger (freemarker.cache).
log4j:WARN Please initialize the log4j system properly.
log4j:WARN See http://logging.apache.org/log4j/1.2/faq.html#noconfig for more info.
]]></system-err>
</testsuite>
